<?xml version="1.0" encoding="UTF-8"?>
<!-- Generated by org.testng.reporters.JUnitReportReporter -->
<testsuite hostname="TYSS-Tanuja-N-Sonawale" failures="0" tests="1" name="addToCart.TCID01_AddProductToCartBySearching_Test" time="13.775" errors="0" timestamp="2024-11-14T16:23:13 IST" skipped="0">
  <testcase classname="addToCart.TCID01_AddProductToCartBySearching_Test" name="addProductToCart_Test" time="13.775"/>
  <system-out/>
</testsuite> <!-- addToCart.TCID01_AddProductToCartBySearching_Test -->
